{"/Users/eya/Desktop/anime4me/Edu-Ruiz_Back-Final-Project-202201-BCN/src/server/middlewares/errors.js": {"path":"/Users/eya/Desktop/anime4me/Edu-Ruiz_Back-Final-Project-202201-BCN/src/server/middlewares/errors.js","statementMap":{"0":{"start":{"line":1,"column":14},"end":{"line":1,"column":30}},"1":{"start":{"line":2,"column":14},"end":{"line":2,"column":30}},"2":{"start":{"line":4,"column":22},"end":{"line":8,"column":1}},"3":{"start":{"line":5,"column":2},"end":{"line":7,"column":69}},"4":{"start":{"line":11,"column":21},"end":{"line":16,"column":1}},"5":{"start":{"line":12,"column":2},"end":{"line":12,"column":44}},"6":{"start":{"line":13,"column":20},"end":{"line":13,"column":35}},"7":{"start":{"line":14,"column":23},"end":{"line":14,"column":64}},"8":{"start":{"line":15,"column":2},"end":{"line":15,"column":69}},"9":{"start":{"line":18,"column":0},"end":{"line":18,"column":49}}},"fnMap":{"0":{"name":"(anonymous_0)","decl":{"start":{"line":4,"column":22},"end":{"line":4,"column":23}},"loc":{"start":{"line":4,"column":36},"end":{"line":8,"column":1}},"line":4},"1":{"name":"(anonymous_1)","decl":{"start":{"line":11,"column":21},"end":{"line":11,"column":22}},"loc":{"start":{"line":11,"column":46},"end":{"line":16,"column":1}},"line":11}},"branchMap":{"0":{"loc":{"start":{"line":13,"column":20},"end":{"line":13,"column":35}},"type":"binary-expr","locations":[{"start":{"line":13,"column":20},"end":{"line":13,"column":28}},{"start":{"line":13,"column":32},"end":{"line":13,"column":35}}],"line":13},"1":{"loc":{"start":{"line":14,"column":23},"end":{"line":14,"column":64}},"type":"cond-expr","locations":[{"start":{"line":14,"column":34},"end":{"line":14,"column":45}},{"start":{"line":14,"column":48},"end":{"line":14,"column":64}}],"line":14}},"s":{"0":1,"1":1,"2":1,"3":1,"4":1,"5":2,"6":2,"7":2,"8":2,"9":1},"f":{"0":1,"1":2},"b":{"0":[2,1],"1":[1,1]},"_coverageSchema":"1a1c01bbd47fc00a2c39e90264f33305004495a9","hash":"8d4dbede7f6454f86c71d7b972bf028ab03ad49d"}
}
